<?xml version="1.0" encoding="UTF-8"?>
<!-- Generated by org.testng.reporters.JUnitXMLReporter -->
<testsuite ignored="3" hostname="LAPTOP-L46DOE7D" failures="1" tests="1" name="Test" time="8.136" errors="0" timestamp="08 Feb 2023 01:25:24 GMT">
  <testcase classname="TestCases.MyFirstUserStory" name="TC_01_Verify_Google_SearchSection" time="6.092">
    <failure type="java.lang.NullPointerException">
      <![CDATA[java.lang.NullPointerException
at org.openqa.selenium.remote.RemoteWebDriver.findElement(RemoteWebDriver.java:315)
at TestCases.MyFirstUserStory.TC_01_Verify_Google_SearchSection(MyFirstUserStory.java:66)
at java.base/java.util.concurrent.ThreadPoolExecutor.runWorker(ThreadPoolExecutor.java:1128)
at java.base/java.util.concurrent.ThreadPoolExecutor$Worker.run(ThreadPoolExecutor.java:628)
at java.base/java.lang.Thread.run(Thread.java:835)
... Removed 10 stack frames]]>
    </failure>
  </testcase> <!-- TC_01_Verify_Google_SearchSection -->
  <testcase classname="TestCases.MyFirstUserStory" name="TC_03_Verify_8849m_InputBox" time="0.0">
    <ignored/>
  </testcase> <!-- TC_03_Verify_8849m_InputBox -->
  <testcase classname="TestCases.MyFirstUserStory" name="TC_04_8849m_Verify_RadioButton_is_displayed_for_Genderand_select_female" time="0.0">
    <ignored/>
  </testcase> <!-- TC_04_8849m_Verify_RadioButton_is_displayed_for_Genderand_select_female -->
  <testcase classname="TestCases.MyFirstUserStory" name="TC_02_Verify_Google_SearchSection" time="0.0">
    <ignored/>
  </testcase> <!-- TC_02_Verify_Google_SearchSection -->
</testsuite> <!-- Test -->
