<?xml version="1.0" encoding="UTF-8"?>
<testng-results ignored="3" total="4" passed="0" failed="1" skipped="0">
  <reporter-output>
  </reporter-output>
  <suite started-at="2023-02-08T01:25:16Z" name="Suite" finished-at="2023-02-08T01:25:24Z" duration-ms="8136">
    <groups>
    </groups>
    <test started-at="2023-02-08T01:25:16Z" name="Test" finished-at="2023-02-08T01:25:24Z" duration-ms="8136">
      <class name="TestCases.MyFirstUserStory">
        <test-method is-config="true" signature="setup()[pri:0, instance:TestCases.MyFirstUserStory@4dbb42b7]" started-at="2023-02-08T01:25:16Z" name="setup" finished-at="2023-02-08T01:25:18Z" duration-ms="1770" status="PASS">
          <reporter-output>
          </reporter-output>
        </test-method> <!-- setup -->
        <test-method is-config="true" signature="beformethod(java.lang.reflect.Method)[pri:0, instance:TestCases.MyFirstUserStory@4dbb42b7]" started-at="2023-02-08T01:25:18Z" name="beformethod" finished-at="2023-02-08T01:25:18Z" duration-ms="2" status="PASS">
          <params>
            <param index="0">
              <value>
                <![CDATA[public void TestCases.MyFirstUserStory.TC_01_Verify_Google_SearchSection() throws java.lang.Exception]]>
              </value>
            </param>
          </params>
          <reporter-output>
          </reporter-output>
        </test-method> <!-- beformethod -->
        <test-method signature="TC_01_Verify_Google_SearchSection()[pri:0, instance:TestCases.MyFirstUserStory@4dbb42b7]" started-at="2023-02-08T01:25:18Z" name="TC_01_Verify_Google_SearchSection" finished-at="2023-02-08T01:25:24Z" duration-ms="6092" status="FAIL">
          <exception class="java.lang.NullPointerException">
            <full-stacktrace>
              <![CDATA[java.lang.NullPointerException
at org.openqa.selenium.remote.RemoteWebDriver.findElement(RemoteWebDriver.java:315)
at TestCases.MyFirstUserStory.TC_01_Verify_Google_SearchSection(MyFirstUserStory.java:66)
at java.base/jdk.internal.reflect.NativeMethodAccessorImpl.invoke0(Native Method)
at java.base/jdk.internal.reflect.NativeMethodAccessorImpl.invoke(NativeMethodAccessorImpl.java:62)
at java.base/jdk.internal.reflect.DelegatingMethodAccessorImpl.invoke(DelegatingMethodAccessorImpl.java:43)
at java.base/java.lang.reflect.Method.invoke(Method.java:567)
at org.testng.internal.MethodInvocationHelper.invokeMethod(MethodInvocationHelper.java:124)
at org.testng.internal.Invoker.invokeMethod(Invoker.java:583)
at org.testng.internal.Invoker.invokeTestMethod(Invoker.java:719)
at org.testng.internal.Invoker.invokeTestMethods(Invoker.java:989)
at org.testng.internal.TestMethodWorker.invokeTestMethods(TestMethodWorker.java:125)
at org.testng.internal.TestMethodWorker.run(TestMethodWorker.java:109)
at java.base/java.util.concurrent.ThreadPoolExecutor.runWorker(ThreadPoolExecutor.java:1128)
at java.base/java.util.concurrent.ThreadPoolExecutor$Worker.run(ThreadPoolExecutor.java:628)
at java.base/java.lang.Thread.run(Thread.java:835)
]]>
            </full-stacktrace>
          </exception> <!-- java.lang.NullPointerException -->
          <reporter-output>
          </reporter-output>
        </test-method> <!-- TC_01_Verify_Google_SearchSection -->
        <test-method is-config="true" signature="after()[pri:0, instance:TestCases.MyFirstUserStory@4dbb42b7]" started-at="2023-02-08T01:25:24Z" name="after" finished-at="2023-02-08T01:25:24Z" duration-ms="240" status="PASS">
          <reporter-output>
          </reporter-output>
        </test-method> <!-- after -->
      </class> <!-- TestCases.MyFirstUserStory -->
    </test> <!-- Test -->
  </suite> <!-- Suite -->
</testng-results>
